2023-04-17 14:32:30.271 INFO  --- [main      ] [Svc2Application:51] logStarting :  Starting Svc2Application using Java 17.0.4 with PID 13680 (C:\dev\workspace\msa\svc2\target\classes started by junse in C:\dev\workspace\msa\svc2)
2023-04-17 14:32:30.276 INFO  --- [main      ] [Svc2Application:632] logStartupProfileInfo :  No active profile set, falling back to 1 default profile: "default"
2023-04-17 14:32:31.166 WARN  --- [main      ] [ClassPathMapperScanner:44] warn : MYBATIS No MyBatis mapper was found in '[com.benit.svc2]' package. Please check your configuration.
2023-04-17 14:32:31.906 INFO  --- [main      ] [TomcatWebServer:108] initialize :  Tomcat initialized with port(s): 80 (http)
2023-04-17 14:32:31.923 INFO  --- [main      ] [StandardService:173] log :  Starting service [Tomcat]
2023-04-17 14:32:31.923 INFO  --- [main      ] [StandardEngine:173] log :  Starting Servlet engine: [Apache Tomcat/10.1.7]
2023-04-17 14:32:32.054 INFO  --- [main      ] [[/]:173] log :  Initializing Spring embedded WebApplicationContext
2023-04-17 14:32:32.055 INFO  --- [main      ] [ServletWebServerApplicationContext:291] prepareWebApplicationContext :  Root WebApplicationContext: initialization completed in 1700 ms
2023-04-17 14:32:32.152 DEBUG --- [main      ] [HikariConfig:968] attemptFromContextLoader :  Driver class net.sf.log4jdbc.sql.jdbcapi.DriverSpy found in Thread context class loader jdk.internal.loader.ClassLoaders$AppClassLoader@63947c6b
2023-04-17 14:32:32.336 DEBUG --- [main      ] [HikariConfig:1100] logConfiguration :  MSA-SVC1 Connection Pool - configuration:
2023-04-17 14:32:32.342 DEBUG --- [main      ] [HikariConfig:1132] logConfiguration :  allowPoolSuspension.............false
2023-04-17 14:32:32.343 DEBUG --- [main      ] [HikariConfig:1132] logConfiguration :  autoCommit......................true
2023-04-17 14:32:32.343 DEBUG --- [main      ] [HikariConfig:1132] logConfiguration :  catalog.........................none
2023-04-17 14:32:32.344 DEBUG --- [main      ] [HikariConfig:1132] logConfiguration :  connectionInitSql..............."select 1 from dual"
2023-04-17 14:32:32.344 DEBUG --- [main      ] [HikariConfig:1132] logConfiguration :  connectionTestQuery............."select 1 from dual"
2023-04-17 14:32:32.344 DEBUG --- [main      ] [HikariConfig:1132] logConfiguration :  connectionTimeout...............5000
2023-04-17 14:32:32.345 DEBUG --- [main      ] [HikariConfig:1132] logConfiguration :  dataSource......................none
2023-04-17 14:32:32.345 DEBUG --- [main      ] [HikariConfig:1132] logConfiguration :  dataSourceClassName.............none
2023-04-17 14:32:32.346 DEBUG --- [main      ] [HikariConfig:1132] logConfiguration :  dataSourceJNDI..................none
2023-04-17 14:32:32.347 DEBUG --- [main      ] [HikariConfig:1132] logConfiguration :  dataSourceProperties............{password=<masked>}
2023-04-17 14:32:32.347 DEBUG --- [main      ] [HikariConfig:1132] logConfiguration :  driverClassName................."net.sf.log4jdbc.sql.jdbcapi.DriverSpy"
2023-04-17 14:32:32.347 DEBUG --- [main      ] [HikariConfig:1132] logConfiguration :  exceptionOverrideClassName......none
2023-04-17 14:32:32.348 DEBUG --- [main      ] [HikariConfig:1132] logConfiguration :  healthCheckProperties...........{}
2023-04-17 14:32:32.348 DEBUG --- [main      ] [HikariConfig:1132] logConfiguration :  healthCheckRegistry.............none
2023-04-17 14:32:32.348 DEBUG --- [main      ] [HikariConfig:1132] logConfiguration :  idleTimeout.....................0
2023-04-17 14:32:32.349 DEBUG --- [main      ] [HikariConfig:1132] logConfiguration :  initializationFailTimeout.......1
2023-04-17 14:32:32.349 DEBUG --- [main      ] [HikariConfig:1132] logConfiguration :  isolateInternalQueries..........false
2023-04-17 14:32:32.350 DEBUG --- [main      ] [HikariConfig:1132] logConfiguration :  jdbcUrl.........................jdbc:log4jdbc:oracle:thin:@MSA2_high?TNS_ADMIN=oci/Wallet_MSA2
2023-04-17 14:32:32.350 DEBUG --- [main      ] [HikariConfig:1132] logConfiguration :  keepaliveTime...................0
2023-04-17 14:32:32.351 DEBUG --- [main      ] [HikariConfig:1132] logConfiguration :  leakDetectionThreshold..........0
2023-04-17 14:32:32.351 DEBUG --- [main      ] [HikariConfig:1132] logConfiguration :  maxLifetime.....................0
2023-04-17 14:32:32.351 DEBUG --- [main      ] [HikariConfig:1132] logConfiguration :  maximumPoolSize.................5
2023-04-17 14:32:32.352 DEBUG --- [main      ] [HikariConfig:1132] logConfiguration :  metricRegistry..................none
2023-04-17 14:32:32.352 DEBUG --- [main      ] [HikariConfig:1132] logConfiguration :  metricsTrackerFactory...........none
2023-04-17 14:32:32.352 DEBUG --- [main      ] [HikariConfig:1132] logConfiguration :  minimumIdle.....................1
2023-04-17 14:32:32.353 DEBUG --- [main      ] [HikariConfig:1132] logConfiguration :  password........................<masked>
2023-04-17 14:32:32.353 DEBUG --- [main      ] [HikariConfig:1132] logConfiguration :  poolName........................"MSA-SVC1 Connection Pool"
2023-04-17 14:32:32.354 DEBUG --- [main      ] [HikariConfig:1132] logConfiguration :  readOnly........................false
2023-04-17 14:32:32.354 DEBUG --- [main      ] [HikariConfig:1132] logConfiguration :  registerMbeans..................false
2023-04-17 14:32:32.354 DEBUG --- [main      ] [HikariConfig:1132] logConfiguration :  scheduledExecutor...............none
2023-04-17 14:32:32.356 DEBUG --- [main      ] [HikariConfig:1132] logConfiguration :  schema..........................none
2023-04-17 14:32:32.357 DEBUG --- [main      ] [HikariConfig:1132] logConfiguration :  threadFactory...................internal
2023-04-17 14:32:32.357 DEBUG --- [main      ] [HikariConfig:1132] logConfiguration :  transactionIsolation............default
2023-04-17 14:32:32.358 DEBUG --- [main      ] [HikariConfig:1132] logConfiguration :  username........................"ADMIN"
2023-04-17 14:32:32.358 DEBUG --- [main      ] [HikariConfig:1132] logConfiguration :  validationTimeout...............5000
2023-04-17 14:32:32.361 INFO  --- [main      ] [HikariDataSource:80] <init> :  MSA-SVC1 Connection Pool - Starting...
2023-04-17 14:32:35.080 INFO  --- [main      ] [log4j2:365] connectionModified : LOG4JDBC_CONNECTION [ LOG4JDBC_NON_STATEMENT ] 1. Connection opened. {executed in 2698ms} 
2023-04-17 14:32:35.083 INFO  --- [main      ] [log4j2:197] methodReturned : LOG4JDBC_AUDIT [ LOG4JDBC_JDBC ] 1. Connection.new Connection returned 
2023-04-17 14:32:35.084 INFO  --- [main      ] [PoolBase:536] getAndSetNetworkTimeout :  MSA-SVC1 Connection Pool - Driver does not support get/set network timeout for connections. (Receiver class net.sf.log4jdbc.sql.jdbcapi.ConnectionSpy does not define or inherit an implementation of the resolved method 'abstract int getNetworkTimeout()' of interface java.sql.Connection.)
2023-04-17 14:32:35.084 INFO  --- [main      ] [log4j2:197] methodReturned : LOG4JDBC_AUDIT [ LOG4JDBC_JDBC ] 1. Connection.isReadOnly() returned false
2023-04-17 14:32:35.085 INFO  --- [main      ] [log4j2:197] methodReturned : LOG4JDBC_AUDIT [ LOG4JDBC_JDBC ] 1. Connection.getAutoCommit() returned true
2023-04-17 14:32:35.165 INFO  --- [main      ] [log4j2:197] methodReturned : LOG4JDBC_AUDIT [ LOG4JDBC_JDBC ] 1. Statement.new Statement returned 
2023-04-17 14:32:35.165 INFO  --- [main      ] [log4j2:197] methodReturned : LOG4JDBC_AUDIT [ LOG4JDBC_JDBC ] 1. Connection.createStatement() returned net.sf.log4jdbc.sql.jdbcapi.StatementSpy@1d6a8386
2023-04-17 14:32:35.359 INFO  --- [main      ] [log4j2:243] sqlTimingOccurred : LOG4JDBC_SELECT [ LOG4JDBC_SQL ] 1. select 1 from dual  {executed in 193 ms}
2023-04-17 14:32:35.360 INFO  --- [main      ] [log4j2:197] methodReturned : LOG4JDBC_AUDIT [ LOG4JDBC_JDBC ] 1. Statement.execute(select 1 from dual) returned true
2023-04-17 14:32:35.361 INFO  --- [main      ] [log4j2:197] methodReturned : LOG4JDBC_AUDIT [ LOG4JDBC_JDBC ] 1. Statement.close() returned 
2023-04-17 14:32:35.361 INFO  --- [main      ] [log4j2:197] methodReturned : LOG4JDBC_AUDIT [ LOG4JDBC_JDBC ] 1. Connection.getTransactionIsolation() returned 2
2023-04-17 14:32:35.362 INFO  --- [main      ] [log4j2:197] methodReturned : LOG4JDBC_AUDIT [ LOG4JDBC_JDBC ] 1. Statement.new Statement returned 
2023-04-17 14:32:35.362 INFO  --- [main      ] [log4j2:197] methodReturned : LOG4JDBC_AUDIT [ LOG4JDBC_JDBC ] 1. Connection.createStatement() returned net.sf.log4jdbc.sql.jdbcapi.StatementSpy@35025a0a
2023-04-17 14:32:35.454 INFO  --- [main      ] [log4j2:243] sqlTimingOccurred : LOG4JDBC_SELECT [ LOG4JDBC_SQL ] 1. select 1 from dual  {executed in 92 ms}
2023-04-17 14:32:35.455 INFO  --- [main      ] [log4j2:197] methodReturned : LOG4JDBC_AUDIT [ LOG4JDBC_JDBC ] 1. Statement.execute(select 1 from dual) returned true
2023-04-17 14:32:35.455 INFO  --- [main      ] [log4j2:197] methodReturned : LOG4JDBC_AUDIT [ LOG4JDBC_JDBC ] 1. Statement.close() returned 
2023-04-17 14:32:35.456 INFO  --- [main      ] [HikariPool:565] checkFailFast :  MSA-SVC1 Connection Pool - Added connection net.sf.log4jdbc.sql.jdbcapi.ConnectionSpy@7c70aae1
2023-04-17 14:32:35.459 INFO  --- [main      ] [HikariDataSource:82] <init> :  MSA-SVC1 Connection Pool - Start completed.
2023-04-17 14:32:35.477 INFO  --- [main      ] [MybatisDBConfig:25] sqlSessionFactory :  *************** Mybatis sqlSessionFactory 초기화 START ***************
2023-04-17 14:32:35.673 INFO  --- [main      ] [MybatisDBConfig:34] sqlSessionFactory :  *************** Mybatis sqlSessionFactory 초기화 END ***************
2023-04-17 14:32:36.139 INFO  --- [main      ] [TomcatWebServer:220] start :  Tomcat started on port(s): 80 (http) with context path ''
2023-04-17 14:32:36.154 INFO  --- [main      ] [Svc2Application:57] logStarted :  Started Svc2Application in 6.623 seconds (process running for 7.213)
2023-04-17 14:32:49.708 INFO  --- [-80-exec-1] [[/]:173] log :  Initializing Spring DispatcherServlet 'dispatcherServlet'
2023-04-17 14:32:49.709 INFO  --- [-80-exec-1] [DispatcherServlet:532] initServletBean :  Initializing Servlet 'dispatcherServlet'
2023-04-17 14:32:49.711 INFO  --- [-80-exec-1] [DispatcherServlet:554] initServletBean :  Completed initialization in 2 ms
2023-04-17 14:33:30.353 INFO  --- [-80-exec-3] [log4j2:197] methodReturned : LOG4JDBC_AUDIT [ LOG4JDBC_JDBC ] 1. Statement.new Statement returned 
2023-04-17 14:33:30.354 INFO  --- [-80-exec-3] [log4j2:197] methodReturned : LOG4JDBC_AUDIT [ LOG4JDBC_JDBC ] 1. Connection.createStatement() returned net.sf.log4jdbc.sql.jdbcapi.StatementSpy@7d54c3ae
2023-04-17 14:33:30.354 INFO  --- [-80-exec-3] [log4j2:197] methodReturned : LOG4JDBC_AUDIT [ LOG4JDBC_JDBC ] 1. Statement.setQueryTimeout(5) returned 
2023-04-17 14:33:30.461 INFO  --- [-80-exec-3] [log4j2:243] sqlTimingOccurred : LOG4JDBC_SELECT [ LOG4JDBC_SQL ] 1. select 1 from dual  {executed in 107 ms}
2023-04-17 14:33:30.461 INFO  --- [-80-exec-3] [log4j2:197] methodReturned : LOG4JDBC_AUDIT [ LOG4JDBC_JDBC ] 1. Statement.execute(select 1 from dual) returned true
2023-04-17 14:33:30.462 INFO  --- [-80-exec-3] [log4j2:197] methodReturned : LOG4JDBC_AUDIT [ LOG4JDBC_JDBC ] 1. Statement.close() returned 
2023-04-17 14:33:30.465 INFO  --- [-80-exec-3] [log4j2:197] methodReturned : LOG4JDBC_AUDIT [ LOG4JDBC_JDBC ] 1. Connection.getAutoCommit() returned true
2023-04-17 14:33:30.499 INFO  --- [-80-exec-3] [log4j2:197] methodReturned : LOG4JDBC_AUDIT [ LOG4JDBC_JDBC ] 1. PreparedStatement.new PreparedStatement returned 
2023-04-17 14:33:30.500 INFO  --- [-80-exec-3] [log4j2:197] methodReturned : LOG4JDBC_AUDIT [ LOG4JDBC_JDBC ] 1. Connection.prepareStatement(SELECT CURRENT_DATE
        FROM DUAL) returned net.sf.log4jdbc.sql.jdbcapi.PreparedStatementSpy@1850291c
2023-04-17 14:33:30.611 INFO  --- [-80-exec-3] [log4j2:243] sqlTimingOccurred : LOG4JDBC_SELECT [ LOG4JDBC_SQL ] 1. SELECT CURRENT_DATE FROM DUAL  {executed in 107 ms}
2023-04-17 14:33:30.612 INFO  --- [-80-exec-3] [log4j2:197] methodReturned : LOG4JDBC_AUDIT [ LOG4JDBC_JDBC ] 1. PreparedStatement.execute() returned true
2023-04-17 14:33:30.621 INFO  --- [-80-exec-3] [log4j2:197] methodReturned : LOG4JDBC_RESULTSET [ LOG4JDBC_JDBC ] 1. ResultSet.new ResultSet returned 
2023-04-17 14:33:30.622 INFO  --- [-80-exec-3] [log4j2:197] methodReturned : LOG4JDBC_AUDIT [ LOG4JDBC_JDBC ] 1. PreparedStatement.getResultSet() returned net.sf.log4jdbc.sql.jdbcapi.ResultSetSpy@33d9c32d
2023-04-17 14:33:30.628 INFO  --- [-80-exec-3] [log4j2:197] methodReturned : LOG4JDBC_RESULTSET [ LOG4JDBC_JDBC ] 1. ResultSet.getMetaData() returned oracle.jdbc.driver.OracleResultSetMetaData@46fb3198
2023-04-17 14:33:30.629 INFO  --- [-80-exec-3] [log4j2:197] methodReturned : LOG4JDBC_RESULTSET [ LOG4JDBC_JDBC ] 1. ResultSet.getType() returned 1003
2023-04-17 14:33:30.629 INFO  --- [-80-exec-3] [log4j2:197] methodReturned : LOG4JDBC_RESULTSET [ LOG4JDBC_JDBC ] 1. ResultSet.isClosed() returned false
2023-04-17 14:33:30.630 INFO  --- [-80-exec-3] [log4j2:197] methodReturned : LOG4JDBC_RESULTSET [ LOG4JDBC_JDBC ] 1. ResultSet.next() returned true
2023-04-17 14:33:30.639 INFO  --- [-80-exec-3] [log4j2:197] methodReturned : LOG4JDBC_RESULTSET [ LOG4JDBC_JDBC ] 1. ResultSet.getString(CURRENT_DATE) returned 2023-04-17 14:33:29
2023-04-17 14:33:30.639 INFO  --- [-80-exec-3] [log4j2:197] methodReturned : LOG4JDBC_RESULTSET [ LOG4JDBC_JDBC ] 1. ResultSet.isClosed() returned false
2023-04-17 14:33:30.641 INFO  --- [-80-exec-3] [log4j2:390] resultSetCollected : LOG4JDBC_RESULTSETTABLE [ LOG4JDBC_OTHER ] 
|--------------------|
|current_date        |
|--------------------|
|2023-04-17 14:33:29 |
|--------------------|

2023-04-17 14:33:30.641 INFO  --- [-80-exec-3] [log4j2:197] methodReturned : LOG4JDBC_RESULTSET [ LOG4JDBC_JDBC ] 1. ResultSet.next() returned false
2023-04-17 14:33:30.642 INFO  --- [-80-exec-3] [log4j2:197] methodReturned : LOG4JDBC_RESULTSET [ LOG4JDBC_JDBC ] 1. ResultSet.close() returned void
2023-04-17 14:33:30.643 INFO  --- [-80-exec-3] [log4j2:197] methodReturned : LOG4JDBC_AUDIT [ LOG4JDBC_JDBC ] 1. Connection.getMetaData() returned oracle.jdbc.driver.OracleDatabaseMetaData@3ae0c3f2
2023-04-17 14:33:30.646 INFO  --- [-80-exec-3] [log4j2:197] methodReturned : LOG4JDBC_AUDIT [ LOG4JDBC_JDBC ] 1. PreparedStatement.close() returned 
2023-04-17 14:33:30.652 INFO  --- [-80-exec-3] [log4j2:197] methodReturned : LOG4JDBC_AUDIT [ LOG4JDBC_JDBC ] 1. Connection.clearWarnings() returned 
2023-04-17 14:33:30.653 INFO  --- [-80-exec-3] [DeliveryDaoImpl:22] getNowDate :   DB서버에서 조회한 현재시각 : 2023-04-17 14:33:29
2023-04-17 14:33:30.653 INFO  --- [-80-exec-3] [DeliveryServiceImpl:28] getDeliveries :  [DeliveryDao.getNowDate()] => 2023-04-17 14:33:29
2023-04-17 14:33:30.654 INFO  --- [-80-exec-3] [DeliveryServiceImpl:74] getDeliveries :  배달 목록 : [DeliveryDTO(companyName=배달의민족, company_tel=070-1212-3434, courier=최배달, courier_tel=010-5959-8282, requestStore=BHC치킨 여의도점, shippingAddress=서울시 영등포구 여의나루로 76, orderer=홍길동, orderer_tel=010-1234-5678, status=0), DeliveryDTO(companyName=요기요, company_tel=080-2354-5977, courier=홍반장, courier_tel=010-5858-8282, requestStore=원할머니 보쌈 여의도점, shippingAddress=서울시 영등포구 여의나루로 76, orderer=홍길동, orderer_tel=010-1234-5678, status=1), DeliveryDTO(companyName=쿠팡이츠, company_tel=080-1111-3247, courier=쿠팡맨, courier_tel=010-9898-9898, requestStore=Subway 여의도점, shippingAddress=서울시 영등포구 여의나루로 76, orderer=홍길동, orderer_tel=010-1234-5678, status=2)]
2023-04-17 14:33:30.664 INFO  --- [-80-exec-3] [DeliveryController:31] lambda$deliveries$0 :  - DeliveryDTO(companyName=배달의민족, company_tel=070-1212-3434, courier=최배달, courier_tel=010-5959-8282, requestStore=BHC치킨 여의도점, shippingAddress=서울시 영등포구 여의나루로 76, orderer=홍길동, orderer_tel=010-1234-5678, status=0)
2023-04-17 14:33:30.664 INFO  --- [-80-exec-3] [DeliveryController:31] lambda$deliveries$0 :  - DeliveryDTO(companyName=요기요, company_tel=080-2354-5977, courier=홍반장, courier_tel=010-5858-8282, requestStore=원할머니 보쌈 여의도점, shippingAddress=서울시 영등포구 여의나루로 76, orderer=홍길동, orderer_tel=010-1234-5678, status=1)
2023-04-17 14:33:30.665 INFO  --- [-80-exec-3] [DeliveryController:31] lambda$deliveries$0 :  - DeliveryDTO(companyName=쿠팡이츠, company_tel=080-1111-3247, courier=쿠팡맨, courier_tel=010-9898-9898, requestStore=Subway 여의도점, shippingAddress=서울시 영등포구 여의나루로 76, orderer=홍길동, orderer_tel=010-1234-5678, status=2)
2023-04-17 14:57:36.038 INFO  --- [main      ] [Svc2Application:51] logStarting :  Starting Svc2Application using Java 17.0.4 with PID 30220 (C:\dev\workspace\msa\svc2\target\classes started by junse in C:\dev\workspace\msa\svc2)
2023-04-17 14:57:36.043 INFO  --- [main      ] [Svc2Application:632] logStartupProfileInfo :  No active profile set, falling back to 1 default profile: "default"
2023-04-17 14:57:36.943 WARN  --- [main      ] [ClassPathMapperScanner:44] warn : MYBATIS No MyBatis mapper was found in '[com.benit.svc2]' package. Please check your configuration.
2023-04-17 14:57:37.671 INFO  --- [main      ] [TomcatWebServer:108] initialize :  Tomcat initialized with port(s): 80 (http)
2023-04-17 14:57:37.683 INFO  --- [main      ] [StandardService:173] log :  Starting service [Tomcat]
2023-04-17 14:57:37.683 INFO  --- [main      ] [StandardEngine:173] log :  Starting Servlet engine: [Apache Tomcat/10.1.7]
2023-04-17 14:57:37.802 INFO  --- [main      ] [[/]:173] log :  Initializing Spring embedded WebApplicationContext
2023-04-17 14:57:37.803 INFO  --- [main      ] [ServletWebServerApplicationContext:291] prepareWebApplicationContext :  Root WebApplicationContext: initialization completed in 1678 ms
2023-04-17 14:57:37.894 DEBUG --- [main      ] [HikariConfig:968] attemptFromContextLoader :  Driver class net.sf.log4jdbc.sql.jdbcapi.DriverSpy found in Thread context class loader jdk.internal.loader.ClassLoaders$AppClassLoader@63947c6b
2023-04-17 14:57:38.060 DEBUG --- [main      ] [HikariConfig:1100] logConfiguration :  MSA-SVC1 Connection Pool - configuration:
2023-04-17 14:57:38.066 DEBUG --- [main      ] [HikariConfig:1132] logConfiguration :  allowPoolSuspension.............false
2023-04-17 14:57:38.066 DEBUG --- [main      ] [HikariConfig:1132] logConfiguration :  autoCommit......................true
2023-04-17 14:57:38.067 DEBUG --- [main      ] [HikariConfig:1132] logConfiguration :  catalog.........................none
2023-04-17 14:57:38.067 DEBUG --- [main      ] [HikariConfig:1132] logConfiguration :  connectionInitSql..............."select 1 from dual"
2023-04-17 14:57:38.067 DEBUG --- [main      ] [HikariConfig:1132] logConfiguration :  connectionTestQuery............."select 1 from dual"
2023-04-17 14:57:38.068 DEBUG --- [main      ] [HikariConfig:1132] logConfiguration :  connectionTimeout...............5000
2023-04-17 14:57:38.068 DEBUG --- [main      ] [HikariConfig:1132] logConfiguration :  dataSource......................none
2023-04-17 14:57:38.068 DEBUG --- [main      ] [HikariConfig:1132] logConfiguration :  dataSourceClassName.............none
2023-04-17 14:57:38.069 DEBUG --- [main      ] [HikariConfig:1132] logConfiguration :  dataSourceJNDI..................none
2023-04-17 14:57:38.070 DEBUG --- [main      ] [HikariConfig:1132] logConfiguration :  dataSourceProperties............{password=<masked>}
2023-04-17 14:57:38.070 DEBUG --- [main      ] [HikariConfig:1132] logConfiguration :  driverClassName................."net.sf.log4jdbc.sql.jdbcapi.DriverSpy"
2023-04-17 14:57:38.071 DEBUG --- [main      ] [HikariConfig:1132] logConfiguration :  exceptionOverrideClassName......none
2023-04-17 14:57:38.072 DEBUG --- [main      ] [HikariConfig:1132] logConfiguration :  healthCheckProperties...........{}
2023-04-17 14:57:38.072 DEBUG --- [main      ] [HikariConfig:1132] logConfiguration :  healthCheckRegistry.............none
2023-04-17 14:57:38.073 DEBUG --- [main      ] [HikariConfig:1132] logConfiguration :  idleTimeout.....................0
2023-04-17 14:57:38.074 DEBUG --- [main      ] [HikariConfig:1132] logConfiguration :  initializationFailTimeout.......1
2023-04-17 14:57:38.074 DEBUG --- [main      ] [HikariConfig:1132] logConfiguration :  isolateInternalQueries..........false
2023-04-17 14:57:38.075 DEBUG --- [main      ] [HikariConfig:1132] logConfiguration :  jdbcUrl.........................jdbc:log4jdbc:oracle:thin:@MSA2_high?TNS_ADMIN=oci/Wallet_MSA2
2023-04-17 14:57:38.076 DEBUG --- [main      ] [HikariConfig:1132] logConfiguration :  keepaliveTime...................0
2023-04-17 14:57:38.076 DEBUG --- [main      ] [HikariConfig:1132] logConfiguration :  leakDetectionThreshold..........0
2023-04-17 14:57:38.077 DEBUG --- [main      ] [HikariConfig:1132] logConfiguration :  maxLifetime.....................0
2023-04-17 14:57:38.077 DEBUG --- [main      ] [HikariConfig:1132] logConfiguration :  maximumPoolSize.................5
2023-04-17 14:57:38.078 DEBUG --- [main      ] [HikariConfig:1132] logConfiguration :  metricRegistry..................none
2023-04-17 14:57:38.078 DEBUG --- [main      ] [HikariConfig:1132] logConfiguration :  metricsTrackerFactory...........none
2023-04-17 14:57:38.079 DEBUG --- [main      ] [HikariConfig:1132] logConfiguration :  minimumIdle.....................1
2023-04-17 14:57:38.079 DEBUG --- [main      ] [HikariConfig:1132] logConfiguration :  password........................<masked>
2023-04-17 14:57:38.079 DEBUG --- [main      ] [HikariConfig:1132] logConfiguration :  poolName........................"MSA-SVC1 Connection Pool"
2023-04-17 14:57:38.079 DEBUG --- [main      ] [HikariConfig:1132] logConfiguration :  readOnly........................false
2023-04-17 14:57:38.080 DEBUG --- [main      ] [HikariConfig:1132] logConfiguration :  registerMbeans..................false
2023-04-17 14:57:38.080 DEBUG --- [main      ] [HikariConfig:1132] logConfiguration :  scheduledExecutor...............none
2023-04-17 14:57:38.080 DEBUG --- [main      ] [HikariConfig:1132] logConfiguration :  schema..........................none
2023-04-17 14:57:38.081 DEBUG --- [main      ] [HikariConfig:1132] logConfiguration :  threadFactory...................internal
2023-04-17 14:57:38.081 DEBUG --- [main      ] [HikariConfig:1132] logConfiguration :  transactionIsolation............default
2023-04-17 14:57:38.081 DEBUG --- [main      ] [HikariConfig:1132] logConfiguration :  username........................"ADMIN"
2023-04-17 14:57:38.082 DEBUG --- [main      ] [HikariConfig:1132] logConfiguration :  validationTimeout...............5000
2023-04-17 14:57:38.083 INFO  --- [main      ] [HikariDataSource:80] <init> :  MSA-SVC1 Connection Pool - Starting...
2023-04-17 14:57:39.879 INFO  --- [main      ] [log4j2:365] connectionModified : LOG4JDBC_CONNECTION [ LOG4JDBC_NON_STATEMENT ] 1. Connection opened. {executed in 1780ms} 
2023-04-17 14:57:39.880 INFO  --- [main      ] [log4j2:197] methodReturned : LOG4JDBC_AUDIT [ LOG4JDBC_JDBC ] 1. Connection.new Connection returned 
2023-04-17 14:57:39.880 INFO  --- [main      ] [PoolBase:536] getAndSetNetworkTimeout :  MSA-SVC1 Connection Pool - Driver does not support get/set network timeout for connections. (Receiver class net.sf.log4jdbc.sql.jdbcapi.ConnectionSpy does not define or inherit an implementation of the resolved method 'abstract int getNetworkTimeout()' of interface java.sql.Connection.)
2023-04-17 14:57:39.881 INFO  --- [main      ] [log4j2:197] methodReturned : LOG4JDBC_AUDIT [ LOG4JDBC_JDBC ] 1. Connection.isReadOnly() returned false
2023-04-17 14:57:39.882 INFO  --- [main      ] [log4j2:197] methodReturned : LOG4JDBC_AUDIT [ LOG4JDBC_JDBC ] 1. Connection.getAutoCommit() returned true
2023-04-17 14:57:39.949 INFO  --- [main      ] [log4j2:197] methodReturned : LOG4JDBC_AUDIT [ LOG4JDBC_JDBC ] 1. Statement.new Statement returned 
2023-04-17 14:57:39.950 INFO  --- [main      ] [log4j2:197] methodReturned : LOG4JDBC_AUDIT [ LOG4JDBC_JDBC ] 1. Connection.createStatement() returned net.sf.log4jdbc.sql.jdbcapi.StatementSpy@7f977fba
2023-04-17 14:57:40.114 INFO  --- [main      ] [log4j2:243] sqlTimingOccurred : LOG4JDBC_SELECT [ LOG4JDBC_SQL ] 1. select 1 from dual  {executed in 163 ms}
2023-04-17 14:57:40.115 INFO  --- [main      ] [log4j2:197] methodReturned : LOG4JDBC_AUDIT [ LOG4JDBC_JDBC ] 1. Statement.execute(select 1 from dual) returned true
2023-04-17 14:57:40.115 INFO  --- [main      ] [log4j2:197] methodReturned : LOG4JDBC_AUDIT [ LOG4JDBC_JDBC ] 1. Statement.close() returned 
2023-04-17 14:57:40.116 INFO  --- [main      ] [log4j2:197] methodReturned : LOG4JDBC_AUDIT [ LOG4JDBC_JDBC ] 1. Connection.getTransactionIsolation() returned 2
2023-04-17 14:57:40.116 INFO  --- [main      ] [log4j2:197] methodReturned : LOG4JDBC_AUDIT [ LOG4JDBC_JDBC ] 1. Statement.new Statement returned 
2023-04-17 14:57:40.116 INFO  --- [main      ] [log4j2:197] methodReturned : LOG4JDBC_AUDIT [ LOG4JDBC_JDBC ] 1. Connection.createStatement() returned net.sf.log4jdbc.sql.jdbcapi.StatementSpy@b1b471
2023-04-17 14:57:40.155 INFO  --- [main      ] [log4j2:243] sqlTimingOccurred : LOG4JDBC_SELECT [ LOG4JDBC_SQL ] 1. select 1 from dual  {executed in 39 ms}
2023-04-17 14:57:40.156 INFO  --- [main      ] [log4j2:197] methodReturned : LOG4JDBC_AUDIT [ LOG4JDBC_JDBC ] 1. Statement.execute(select 1 from dual) returned true
2023-04-17 14:57:40.157 INFO  --- [main      ] [log4j2:197] methodReturned : LOG4JDBC_AUDIT [ LOG4JDBC_JDBC ] 1. Statement.close() returned 
2023-04-17 14:57:40.157 INFO  --- [main      ] [HikariPool:565] checkFailFast :  MSA-SVC1 Connection Pool - Added connection net.sf.log4jdbc.sql.jdbcapi.ConnectionSpy@4f1afe8f
2023-04-17 14:57:40.161 INFO  --- [main      ] [HikariDataSource:82] <init> :  MSA-SVC1 Connection Pool - Start completed.
2023-04-17 14:57:40.183 INFO  --- [main      ] [MybatisDBConfig:25] sqlSessionFactory :  *************** Mybatis sqlSessionFactory 초기화 START ***************
2023-04-17 14:57:40.349 INFO  --- [main      ] [MybatisDBConfig:34] sqlSessionFactory :  *************** Mybatis sqlSessionFactory 초기화 END ***************
2023-04-17 14:57:40.799 WARN  --- [main      ] [AnnotationConfigServletWebServerApplicationContext:592] refresh :  Exception encountered during context initialization - cancelling refresh attempt: org.springframework.context.ApplicationContextException: Failed to start bean 'webServerStartStop'
2023-04-17 14:57:40.800 INFO  --- [main      ] [HikariDataSource:350] close :  MSA-SVC1 Connection Pool - Shutdown initiated...
2023-04-17 14:57:40.845 INFO  --- [ion closer] [log4j2:365] connectionModified : LOG4JDBC_CONNECTION [ LOG4JDBC_NON_STATEMENT ] 1. Connection closed. {executed in 44ms} 
2023-04-17 14:57:40.845 INFO  --- [ion closer] [log4j2:197] methodReturned : LOG4JDBC_AUDIT [ LOG4JDBC_JDBC ] 1. Connection.close() returned 
2023-04-17 14:57:40.846 INFO  --- [main      ] [HikariDataSource:352] close :  MSA-SVC1 Connection Pool - Shutdown completed.
2023-04-17 14:57:40.849 INFO  --- [main      ] [StandardService:173] log :  Stopping service [Tomcat]
2023-04-17 14:57:40.863 INFO  --- [main      ] [ConditionEvaluationReportLogger:82] logMessage :  

Error starting ApplicationContext. To display the condition evaluation report re-run your application with 'debug' enabled.
2023-04-17 14:57:40.886 ERROR --- [main      ] [LoggingFailureAnalysisReporter:40] report :  

***************************
APPLICATION FAILED TO START
***************************

Description:

Web server failed to start. Port 80 was already in use.

Action:

Identify and stop the process that's listening on port 80 or configure this application to listen on another port.

2023-04-17 14:58:14.606 INFO  --- [utdownHook] [HikariDataSource:350] close :  MSA-SVC1 Connection Pool - Shutdown initiated...
2023-04-17 14:58:14.659 INFO  --- [ion closer] [log4j2:365] connectionModified : LOG4JDBC_CONNECTION [ LOG4JDBC_NON_STATEMENT ] 1. Connection closed. {executed in 51ms} 
2023-04-17 14:58:14.660 INFO  --- [ion closer] [log4j2:197] methodReturned : LOG4JDBC_AUDIT [ LOG4JDBC_JDBC ] 1. Connection.close() returned 
2023-04-17 14:58:14.660 INFO  --- [utdownHook] [HikariDataSource:352] close :  MSA-SVC1 Connection Pool - Shutdown completed.
2023-04-17 14:58:19.493 INFO  --- [main      ] [Svc2Application:51] logStarting :  Starting Svc2Application using Java 17.0.4 with PID 22516 (C:\dev\workspace\msa\svc2\target\classes started by junse in C:\dev\workspace\msa\svc2)
2023-04-17 14:58:19.496 INFO  --- [main      ] [Svc2Application:632] logStartupProfileInfo :  No active profile set, falling back to 1 default profile: "default"
2023-04-17 14:58:20.420 WARN  --- [main      ] [ClassPathMapperScanner:44] warn : MYBATIS No MyBatis mapper was found in '[com.benit.svc2]' package. Please check your configuration.
2023-04-17 14:58:21.193 INFO  --- [main      ] [TomcatWebServer:108] initialize :  Tomcat initialized with port(s): 80 (http)
2023-04-17 14:58:21.206 INFO  --- [main      ] [StandardService:173] log :  Starting service [Tomcat]
2023-04-17 14:58:21.206 INFO  --- [main      ] [StandardEngine:173] log :  Starting Servlet engine: [Apache Tomcat/10.1.7]
2023-04-17 14:58:21.334 INFO  --- [main      ] [[/]:173] log :  Initializing Spring embedded WebApplicationContext
2023-04-17 14:58:21.335 INFO  --- [main      ] [ServletWebServerApplicationContext:291] prepareWebApplicationContext :  Root WebApplicationContext: initialization completed in 1775 ms
2023-04-17 14:58:21.429 DEBUG --- [main      ] [HikariConfig:968] attemptFromContextLoader :  Driver class net.sf.log4jdbc.sql.jdbcapi.DriverSpy found in Thread context class loader jdk.internal.loader.ClassLoaders$AppClassLoader@63947c6b
2023-04-17 14:58:21.599 DEBUG --- [main      ] [HikariConfig:1100] logConfiguration :  MSA-SVC1 Connection Pool - configuration:
2023-04-17 14:58:21.604 DEBUG --- [main      ] [HikariConfig:1132] logConfiguration :  allowPoolSuspension.............false
2023-04-17 14:58:21.605 DEBUG --- [main      ] [HikariConfig:1132] logConfiguration :  autoCommit......................true
2023-04-17 14:58:21.605 DEBUG --- [main      ] [HikariConfig:1132] logConfiguration :  catalog.........................none
2023-04-17 14:58:21.606 DEBUG --- [main      ] [HikariConfig:1132] logConfiguration :  connectionInitSql..............."select 1 from dual"
2023-04-17 14:58:21.606 DEBUG --- [main      ] [HikariConfig:1132] logConfiguration :  connectionTestQuery............."select 1 from dual"
2023-04-17 14:58:21.606 DEBUG --- [main      ] [HikariConfig:1132] logConfiguration :  connectionTimeout...............5000
2023-04-17 14:58:21.607 DEBUG --- [main      ] [HikariConfig:1132] logConfiguration :  dataSource......................none
2023-04-17 14:58:21.607 DEBUG --- [main      ] [HikariConfig:1132] logConfiguration :  dataSourceClassName.............none
2023-04-17 14:58:21.607 DEBUG --- [main      ] [HikariConfig:1132] logConfiguration :  dataSourceJNDI..................none
2023-04-17 14:58:21.608 DEBUG --- [main      ] [HikariConfig:1132] logConfiguration :  dataSourceProperties............{password=<masked>}
2023-04-17 14:58:21.608 DEBUG --- [main      ] [HikariConfig:1132] logConfiguration :  driverClassName................."net.sf.log4jdbc.sql.jdbcapi.DriverSpy"
2023-04-17 14:58:21.609 DEBUG --- [main      ] [HikariConfig:1132] logConfiguration :  exceptionOverrideClassName......none
2023-04-17 14:58:21.609 DEBUG --- [main      ] [HikariConfig:1132] logConfiguration :  healthCheckProperties...........{}
2023-04-17 14:58:21.609 DEBUG --- [main      ] [HikariConfig:1132] logConfiguration :  healthCheckRegistry.............none
2023-04-17 14:58:21.609 DEBUG --- [main      ] [HikariConfig:1132] logConfiguration :  idleTimeout.....................0
2023-04-17 14:58:21.610 DEBUG --- [main      ] [HikariConfig:1132] logConfiguration :  initializationFailTimeout.......1
2023-04-17 14:58:21.610 DEBUG --- [main      ] [HikariConfig:1132] logConfiguration :  isolateInternalQueries..........false
2023-04-17 14:58:21.610 DEBUG --- [main      ] [HikariConfig:1132] logConfiguration :  jdbcUrl.........................jdbc:log4jdbc:oracle:thin:@MSA2_high?TNS_ADMIN=oci/Wallet_MSA2
2023-04-17 14:58:21.611 DEBUG --- [main      ] [HikariConfig:1132] logConfiguration :  keepaliveTime...................0
2023-04-17 14:58:21.611 DEBUG --- [main      ] [HikariConfig:1132] logConfiguration :  leakDetectionThreshold..........0
2023-04-17 14:58:21.611 DEBUG --- [main      ] [HikariConfig:1132] logConfiguration :  maxLifetime.....................0
2023-04-17 14:58:21.612 DEBUG --- [main      ] [HikariConfig:1132] logConfiguration :  maximumPoolSize.................5
2023-04-17 14:58:21.612 DEBUG --- [main      ] [HikariConfig:1132] logConfiguration :  metricRegistry..................none
2023-04-17 14:58:21.612 DEBUG --- [main      ] [HikariConfig:1132] logConfiguration :  metricsTrackerFactory...........none
2023-04-17 14:58:21.612 DEBUG --- [main      ] [HikariConfig:1132] logConfiguration :  minimumIdle.....................1
2023-04-17 14:58:21.613 DEBUG --- [main      ] [HikariConfig:1132] logConfiguration :  password........................<masked>
2023-04-17 14:58:21.613 DEBUG --- [main      ] [HikariConfig:1132] logConfiguration :  poolName........................"MSA-SVC1 Connection Pool"
2023-04-17 14:58:21.613 DEBUG --- [main      ] [HikariConfig:1132] logConfiguration :  readOnly........................false
2023-04-17 14:58:21.614 DEBUG --- [main      ] [HikariConfig:1132] logConfiguration :  registerMbeans..................false
2023-04-17 14:58:21.614 DEBUG --- [main      ] [HikariConfig:1132] logConfiguration :  scheduledExecutor...............none
2023-04-17 14:58:21.615 DEBUG --- [main      ] [HikariConfig:1132] logConfiguration :  schema..........................none
2023-04-17 14:58:21.615 DEBUG --- [main      ] [HikariConfig:1132] logConfiguration :  threadFactory...................internal
2023-04-17 14:58:21.615 DEBUG --- [main      ] [HikariConfig:1132] logConfiguration :  transactionIsolation............default
2023-04-17 14:58:21.616 DEBUG --- [main      ] [HikariConfig:1132] logConfiguration :  username........................"ADMIN"
2023-04-17 14:58:21.616 DEBUG --- [main      ] [HikariConfig:1132] logConfiguration :  validationTimeout...............5000
2023-04-17 14:58:21.617 INFO  --- [main      ] [HikariDataSource:80] <init> :  MSA-SVC1 Connection Pool - Starting...
2023-04-17 14:58:23.359 INFO  --- [main      ] [log4j2:365] connectionModified : LOG4JDBC_CONNECTION [ LOG4JDBC_NON_STATEMENT ] 1. Connection opened. {executed in 1729ms} 
2023-04-17 14:58:23.360 INFO  --- [main      ] [log4j2:197] methodReturned : LOG4JDBC_AUDIT [ LOG4JDBC_JDBC ] 1. Connection.new Connection returned 
2023-04-17 14:58:23.360 INFO  --- [main      ] [PoolBase:536] getAndSetNetworkTimeout :  MSA-SVC1 Connection Pool - Driver does not support get/set network timeout for connections. (Receiver class net.sf.log4jdbc.sql.jdbcapi.ConnectionSpy does not define or inherit an implementation of the resolved method 'abstract int getNetworkTimeout()' of interface java.sql.Connection.)
2023-04-17 14:58:23.364 INFO  --- [main      ] [log4j2:197] methodReturned : LOG4JDBC_AUDIT [ LOG4JDBC_JDBC ] 1. Connection.isReadOnly() returned false
2023-04-17 14:58:23.365 INFO  --- [main      ] [log4j2:197] methodReturned : LOG4JDBC_AUDIT [ LOG4JDBC_JDBC ] 1. Connection.getAutoCommit() returned true
2023-04-17 14:58:23.432 INFO  --- [main      ] [log4j2:197] methodReturned : LOG4JDBC_AUDIT [ LOG4JDBC_JDBC ] 1. Statement.new Statement returned 
2023-04-17 14:58:23.433 INFO  --- [main      ] [log4j2:197] methodReturned : LOG4JDBC_AUDIT [ LOG4JDBC_JDBC ] 1. Connection.createStatement() returned net.sf.log4jdbc.sql.jdbcapi.StatementSpy@7f977fba
2023-04-17 14:58:23.521 INFO  --- [main      ] [log4j2:243] sqlTimingOccurred : LOG4JDBC_SELECT [ LOG4JDBC_SQL ] 1. select 1 from dual  {executed in 87 ms}
2023-04-17 14:58:23.522 INFO  --- [main      ] [log4j2:197] methodReturned : LOG4JDBC_AUDIT [ LOG4JDBC_JDBC ] 1. Statement.execute(select 1 from dual) returned true
2023-04-17 14:58:23.523 INFO  --- [main      ] [log4j2:197] methodReturned : LOG4JDBC_AUDIT [ LOG4JDBC_JDBC ] 1. Statement.close() returned 
2023-04-17 14:58:23.524 INFO  --- [main      ] [log4j2:197] methodReturned : LOG4JDBC_AUDIT [ LOG4JDBC_JDBC ] 1. Connection.getTransactionIsolation() returned 2
2023-04-17 14:58:23.525 INFO  --- [main      ] [log4j2:197] methodReturned : LOG4JDBC_AUDIT [ LOG4JDBC_JDBC ] 1. Statement.new Statement returned 
2023-04-17 14:58:23.525 INFO  --- [main      ] [log4j2:197] methodReturned : LOG4JDBC_AUDIT [ LOG4JDBC_JDBC ] 1. Connection.createStatement() returned net.sf.log4jdbc.sql.jdbcapi.StatementSpy@b1b471
2023-04-17 14:58:23.581 INFO  --- [main      ] [log4j2:243] sqlTimingOccurred : LOG4JDBC_SELECT [ LOG4JDBC_SQL ] 1. select 1 from dual  {executed in 55 ms}
2023-04-17 14:58:23.582 INFO  --- [main      ] [log4j2:197] methodReturned : LOG4JDBC_AUDIT [ LOG4JDBC_JDBC ] 1. Statement.execute(select 1 from dual) returned true
2023-04-17 14:58:23.582 INFO  --- [main      ] [log4j2:197] methodReturned : LOG4JDBC_AUDIT [ LOG4JDBC_JDBC ] 1. Statement.close() returned 
2023-04-17 14:58:23.583 INFO  --- [main      ] [HikariPool:565] checkFailFast :  MSA-SVC1 Connection Pool - Added connection net.sf.log4jdbc.sql.jdbcapi.ConnectionSpy@4f1afe8f
2023-04-17 14:58:23.585 INFO  --- [main      ] [HikariDataSource:82] <init> :  MSA-SVC1 Connection Pool - Start completed.
2023-04-17 14:58:23.599 INFO  --- [main      ] [MybatisDBConfig:25] sqlSessionFactory :  *************** Mybatis sqlSessionFactory 초기화 START ***************
2023-04-17 14:58:23.737 INFO  --- [main      ] [MybatisDBConfig:34] sqlSessionFactory :  *************** Mybatis sqlSessionFactory 초기화 END ***************
2023-04-17 14:58:24.224 INFO  --- [main      ] [TomcatWebServer:220] start :  Tomcat started on port(s): 80 (http) with context path ''
2023-04-17 14:58:24.234 INFO  --- [main      ] [Svc2Application:57] logStarted :  Started Svc2Application in 5.48 seconds (process running for 6.114)
2023-04-17 15:04:02.917 INFO  --- [utdownHook] [HikariDataSource:350] close :  MSA-SVC1 Connection Pool - Shutdown initiated...
2023-04-17 15:04:02.959 INFO  --- [ion closer] [log4j2:365] connectionModified : LOG4JDBC_CONNECTION [ LOG4JDBC_NON_STATEMENT ] 1. Connection closed. {executed in 40ms} 
2023-04-17 15:04:02.960 INFO  --- [ion closer] [log4j2:197] methodReturned : LOG4JDBC_AUDIT [ LOG4JDBC_JDBC ] 1. Connection.close() returned 
2023-04-17 15:04:02.960 INFO  --- [utdownHook] [HikariDataSource:352] close :  MSA-SVC1 Connection Pool - Shutdown completed.
